2025-06-03 12:12:18 [INFO] Loading data from C:\Users\josep\OneDrive\Documents\GitHub\Coding-Portfolio\Anomaly Detection\Credit Card Fraud\data\creditcard.csv ...
2025-06-03 12:12:19 [INFO] Dataset shape: (284807, 31)
2025-06-03 12:12:20 [INFO] Performing stratified train/test split (test_size=0.2) ...
2025-06-03 12:12:20 [INFO] Train shape: (227845, 30), Test shape: (56962, 30)
2025-06-03 12:12:20 [INFO] Cross-validating XGBoost default pipeline ...
2025-06-03 12:12:31 [INFO] Cross-validating RandomForest default pipeline ...
2025-06-03 12:16:12 [INFO] XGBoost default ROC AUC:  0.9778
2025-06-03 12:16:12 [INFO] RandomForest default ROC AUC:  0.9705
2025-06-03 12:16:12 [INFO] Model comparison (default pipelines): {'xgb_default': 0.9777803464765773, 'rf_default': 0.9705018930945671}
2025-06-03 12:16:12 [INFO] Setting up StratifiedKFold for GridSearchCV ...
2025-06-03 12:16:12 [INFO] Starting XGBoost GridSearchCV ...
2025-06-03 12:28:13 [INFO] Best XGBoost ROC AUC:  0.9809
2025-06-03 12:28:13 [INFO] Best XGBoost Params: {'xgb__colsample_bytree': 0.8, 'xgb__learning_rate': 0.1, 'xgb__max_depth': 3, 'xgb__n_estimators': 100, 'xgb__scale_pos_weight': 1, 'xgb__subsample': 0.8}
2025-06-03 12:28:13 [INFO] Saving model to C:\Users\josep\OneDrive\Documents\GitHub\Coding-Portfolio\Anomaly Detection\Credit Card Fraud\models\fraud_xgb_model.joblib ...
2025-06-03 12:28:13 [INFO] Model saved successfully.
2025-06-03 12:28:13 [INFO] Evaluating model on test set ...
2025-06-03 12:28:13 [INFO] Test ROC AUC: 0.9875
2025-06-03 12:28:13 [INFO] Test Precision-Recall AUC: 0.7321
2025-06-03 12:28:13 [INFO] Classification Report:
              precision    recall  f1-score   support

  Legitimate     0.9999    0.9883    0.9941     56864
       Fraud     0.1194    0.9184    0.2113        98

    accuracy                         0.9882     56962
   macro avg     0.5596    0.9533    0.6027     56962
weighted avg     0.9983    0.9882    0.9927     56962

2025-06-03 12:40:42 [INFO] Loading data from C:\Users\josep\OneDrive\Documents\GitHub\Coding-Portfolio\Anomaly Detection\Credit Card Fraud\data\creditcard.csv ...
2025-06-03 12:40:43 [INFO] Dataset shape: (284807, 31)
2025-06-03 12:40:44 [INFO] Performing stratified train/test split (test_size=0.2) ...
2025-06-03 12:40:44 [INFO] Train shape: (227845, 30), Test shape: (56962, 30)
2025-06-03 12:40:44 [INFO] Cross-validating XGBoost default pipeline ...
2025-06-03 12:40:56 [INFO] Cross-validating RandomForest default pipeline ...
2025-06-03 12:44:17 [INFO] XGBoost default ROC AUC:  0.9778
2025-06-03 12:46:29 [INFO] RandomForest default ROC AUC:  0.9705
2025-06-03 12:46:29 [INFO] Model comparison (default pipelines): {'xgb_default': 0.9777803464765773, 'rf_default': 0.9705018930945671}
2025-06-03 12:46:29 [INFO] Setting up StratifiedKFold for GridSearchCV ...
2025-06-03 12:46:29 [INFO] Starting XGBoost GridSearchCV ...
2025-06-03 12:59:00 [INFO] Best XGBoost ROC AUC:  0.9809
2025-06-03 12:59:00 [INFO] Best XGBoost Params: {'xgb__colsample_bytree': 0.8, 'xgb__learning_rate': 0.1, 'xgb__max_depth': 3, 'xgb__n_estimators': 100, 'xgb__scale_pos_weight': 1, 'xgb__subsample': 0.8}
2025-06-03 12:59:00 [INFO] Saving model to C:\Users\josep\OneDrive\Documents\GitHub\Coding-Portfolio\Anomaly Detection\Credit Card Fraud\models\fraud_xgb_model.joblib ...
2025-06-03 12:59:00 [INFO] Model saved successfully.
2025-06-03 12:59:00 [INFO] Evaluating model on test set ...
2025-06-03 12:59:00 [INFO] Test ROC AUC: 0.9875
2025-06-03 12:59:00 [INFO] Test Precision-Recall AUC: 0.7321
2025-06-03 12:59:00 [INFO] Classification Report:
              precision    recall  f1-score   support

  Legitimate     0.9999    0.9883    0.9941     56864
       Fraud     0.1194    0.9184    0.2113        98

    accuracy                         0.9882     56962
   macro avg     0.5596    0.9533    0.6027     56962
weighted avg     0.9983    0.9882    0.9927     56962

2025-06-06 10:29:51 [INFO] Loading and validating data ...
2025-06-06 10:29:51 [INFO] Loading data from C:\Users\josep\OneDrive\Documents\GitHub\Credit Card Fraud\data\creditcard.csv ...
2025-06-06 10:29:52 [INFO] Dataset shape: (284807, 31)
2025-06-06 10:29:52 [INFO] Preprocessing and splitting data into train/val/test ...
2025-06-06 10:29:53 [INFO] Shapes -> Train: (170883, 30), Val: (56962, 30), Test: (56962, 30)
2025-06-06 10:29:53 [INFO] Comparing default pipelines on training set ...
2025-06-06 10:29:53 [INFO] Cross-validating XGBoost default pipeline ...
2025-06-06 10:30:02 [INFO] Cross-validating RandomForest default pipeline ...
2025-06-06 10:32:28 [INFO] XGBoost default ROC AUC: 0.9723
2025-06-06 10:32:28 [INFO] RandomForest default ROC AUC: 0.9639
2025-06-06 10:32:28 [INFO] Default pipeline ROC-AUCs: {'xgb_default': 0.9722830302151614, 'rf_default': 0.9639273147586606}
2025-06-06 10:32:28 [INFO] Hyperparameter-tuning XGBoost (with SMOTE) on training set ...
2025-06-06 10:32:28 [INFO] Setting up StratifiedKFold for GridSearchCV ...
2025-06-06 10:32:28 [INFO] Starting XGBoost GridSearchCV ...
2025-06-06 10:41:50 [INFO] Best XGBoost ROC AUC: 0.9825
2025-06-06 10:41:50 [INFO] Best XGBoost Params: {'xgb__colsample_bytree': 0.8, 'xgb__learning_rate': 0.01, 'xgb__max_depth': 5, 'xgb__n_estimators': 100, 'xgb__scale_pos_weight': 1, 'xgb__subsample': 0.8}
2025-06-06 10:41:50 [INFO] Calibrating XGBoost probabilities on validation set ...
2025-06-06 11:52:31 [INFO] Loading and validating data ...
2025-06-06 11:52:31 [INFO] Loading data from C:\Users\josep\OneDrive\Documents\GitHub\Credit Card Fraud\data\creditcard.csv ...
2025-06-06 11:52:32 [INFO] Dataset shape: (284807, 31)
2025-06-06 11:52:32 [INFO] Preprocessing and splitting data into train/val/test ...
2025-06-06 11:52:32 [INFO] Shapes -> Train: (170883, 30), Val: (56962, 30), Test: (56962, 30)
2025-06-06 11:52:32 [INFO] Comparing default pipelines on training set ...
2025-06-06 11:52:32 [INFO] Cross-validating XGBoost default pipeline ...
2025-06-06 11:52:42 [INFO] Cross-validating RandomForest default pipeline ...
2025-06-06 11:54:56 [INFO] XGBoost default ROC AUC: 0.9723
2025-06-06 11:54:56 [INFO] RandomForest default ROC AUC: 0.9639
2025-06-06 11:54:56 [INFO] Default pipeline ROC-AUCs: {'xgb_default': 0.9722830302151614, 'rf_default': 0.9639273147586606}
2025-06-06 11:54:56 [INFO] Hyperparameter-tuning XGBoost (with SMOTE) on training set ...
2025-06-06 11:54:56 [INFO] Setting up StratifiedKFold for GridSearchCV ...
2025-06-06 11:54:56 [INFO] Starting XGBoost GridSearchCV ...
2025-06-06 12:03:30 [INFO] Best XGBoost ROC AUC: 0.9825
2025-06-06 12:03:30 [INFO] Best XGBoost Params: {'xgb__colsample_bytree': 0.8, 'xgb__learning_rate': 0.01, 'xgb__max_depth': 5, 'xgb__n_estimators': 100, 'xgb__scale_pos_weight': 1, 'xgb__subsample': 0.8}
2025-06-06 12:03:30 [INFO] Calibrating XGBoost probabilities on validation set ...
2025-06-06 12:03:30 [INFO] Saving model to C:\Users\josep\OneDrive\Documents\GitHub\Credit Card Fraud\models\fraud_xgb_model.joblib ...
2025-06-06 12:03:30 [INFO] Model saved successfully.
2025-06-06 12:03:30 [INFO] Tuning threshold on validation set ...
2025-06-06 12:03:30 [INFO] Tuning probability threshold based on custom cost function ...
2025-06-06 12:03:30 [INFO] Optimal threshold: 0.1333 with cost: 272.0
2025-06-06 12:03:30 [INFO] ** EVALUATING CALIBRATED XGBoost ON TEST SET **
2025-06-06 12:03:30 [INFO] ROC AUC (unthresholded): 0.9706
2025-06-06 12:03:30 [INFO] PR AUC (unthresholded): 0.7759
2025-06-06 12:03:30 [INFO] Classification Report (threshold = 0.1333):
              precision    recall  f1-score   support

  Legitimate     0.9997    0.9993    0.9995     56864
       Fraud     0.6752    0.8061    0.7349        98

    accuracy                         0.9990     56962
   macro avg     0.8374    0.9027    0.8672     56962
weighted avg     0.9991    0.9990    0.9990     56962

2025-06-06 12:03:30 [INFO] Comparing alternative samplers (SMOTE, SMOTEENN, ADASYN) on validation set ...
2025-06-06 12:18:08 [INFO] Loading and validating data ...
2025-06-06 12:18:08 [INFO] Loading data from C:\Users\josep\OneDrive\Documents\GitHub\Credit Card Fraud\data\creditcard.csv ...
2025-06-06 12:18:09 [INFO] Dataset shape: (284807, 31)
2025-06-06 12:18:09 [INFO] Preprocessing and splitting data into train/val/test ...
2025-06-06 12:18:09 [INFO] Shapes -> Train: (170883, 30), Val: (56962, 30), Test: (56962, 30)
2025-06-06 12:18:09 [INFO] Comparing default pipelines on training set ...
2025-06-06 12:18:09 [INFO] Cross-validating XGBoost default pipeline ...
2025-06-06 12:18:19 [INFO] Cross-validating RandomForest default pipeline ...
2025-06-06 12:20:31 [INFO] XGBoost default ROC AUC: 0.9723
2025-06-06 12:20:31 [INFO] RandomForest default ROC AUC: 0.9639
2025-06-06 12:20:31 [INFO] Default pipeline ROC-AUCs: {'xgb_default': 0.9722830302151614, 'rf_default': 0.9639273147586606}
2025-06-06 12:20:31 [INFO] Hyperparameter-tuning XGBoost (with SMOTE) on training set ...
2025-06-06 12:20:31 [INFO] Setting up StratifiedKFold for GridSearchCV ...
2025-06-06 12:20:31 [INFO] Starting XGBoost GridSearchCV ...
2025-06-06 12:28:26 [INFO] Best XGBoost ROC AUC: 0.9825
2025-06-06 12:28:26 [INFO] Best XGBoost Params: {'xgb__colsample_bytree': 0.8, 'xgb__learning_rate': 0.01, 'xgb__max_depth': 5, 'xgb__n_estimators': 100, 'xgb__scale_pos_weight': 1, 'xgb__subsample': 0.8}
2025-06-06 12:28:26 [INFO] Calibrating XGBoost probabilities on validation set ...
2025-06-06 12:28:27 [INFO] Saving model to C:\Users\josep\OneDrive\Documents\GitHub\Credit Card Fraud\models\fraud_xgb_model.joblib ...
2025-06-06 12:28:27 [INFO] Model saved successfully.
2025-06-06 12:28:27 [INFO] Tuning threshold on validation set ...
2025-06-06 12:28:27 [INFO] Tuning probability threshold based on custom cost function ...
2025-06-06 12:28:27 [INFO] Optimal threshold: 0.1333 with cost: 272.0
2025-06-06 12:28:27 [INFO] ** EVALUATING CALIBRATED XGBoost ON TEST SET **
2025-06-06 12:28:27 [INFO] ROC AUC (unthresholded): 0.9706
2025-06-06 12:28:27 [INFO] PR AUC (unthresholded): 0.7759
2025-06-06 12:28:27 [INFO] Classification Report (threshold = 0.1333):
              precision    recall  f1-score   support

  Legitimate     0.9997    0.9993    0.9995     56864
       Fraud     0.6752    0.8061    0.7349        98

    accuracy                         0.9990     56962
   macro avg     0.8374    0.9027    0.8672     56962
weighted avg     0.9991    0.9990    0.9990     56962

2025-06-06 12:28:27 [INFO] Comparing alternative samplers (SMOTE, SMOTEENN, ADASYN) on validation set ...
2025-06-06 12:28:28 [INFO] SMOTE on validation PR-AUC: 0.7770
2025-06-06 12:44:05 [INFO] Loading and validating data ...
2025-06-06 12:44:05 [INFO] Loading data from C:\Users\josep\OneDrive\Documents\GitHub\Credit Card Fraud\data\creditcard.csv ...
2025-06-06 12:44:06 [INFO] Dataset shape: (284807, 31)
2025-06-06 12:44:06 [INFO] Preprocessing and splitting data into train/val/test ...
2025-06-06 12:44:07 [INFO] Shapes -> Train: (170883, 30), Val: (56962, 30), Test: (56962, 30)
2025-06-06 12:44:07 [INFO] Comparing default pipelines on training set ...
2025-06-06 12:44:07 [INFO] Cross-validating XGBoost default pipeline ...
2025-06-06 12:44:16 [INFO] Cross-validating RandomForest default pipeline ...
2025-06-06 12:46:33 [INFO] XGBoost default ROC AUC: 0.9723
2025-06-06 12:46:33 [INFO] RandomForest default ROC AUC: 0.9639
2025-06-06 12:46:33 [INFO] Default pipeline ROC-AUCs: {'xgb_default': 0.9722830302151614, 'rf_default': 0.9639273147586606}
2025-06-06 12:46:33 [INFO] Hyperparameter-tuning XGBoost (with SMOTE) on training set ...
2025-06-06 12:46:33 [INFO] Setting up StratifiedKFold for GridSearchCV ...
2025-06-06 12:46:33 [INFO] Starting XGBoost GridSearchCV ...
2025-06-06 12:55:21 [INFO] Best XGBoost ROC AUC: 0.9825
2025-06-06 12:55:21 [INFO] Best XGBoost Params: {'xgb__colsample_bytree': 0.8, 'xgb__learning_rate': 0.01, 'xgb__max_depth': 5, 'xgb__n_estimators': 100, 'xgb__scale_pos_weight': 1, 'xgb__subsample': 0.8}
2025-06-06 12:55:21 [INFO] Calibrating XGBoost probabilities on validation set ...
2025-06-06 12:55:21 [INFO] Saving model to C:\Users\josep\OneDrive\Documents\GitHub\Credit Card Fraud\models\fraud_xgb_model.joblib ...
2025-06-06 12:55:21 [INFO] Model saved successfully.
2025-06-06 12:55:21 [INFO] Tuning threshold on validation set ...
2025-06-06 12:55:21 [INFO] Tuning probability threshold based on custom cost function ...
2025-06-06 12:55:21 [INFO] Optimal threshold: 0.1333 with cost: 272.0
2025-06-06 12:55:21 [INFO] ** EVALUATING CALIBRATED XGBoost ON TEST SET **
2025-06-06 12:55:21 [INFO] ROC AUC (unthresholded): 0.9706
2025-06-06 12:55:21 [INFO] PR AUC (unthresholded): 0.7759
2025-06-06 12:55:21 [INFO] Classification Report (threshold = 0.1333):
              precision    recall  f1-score   support

  Legitimate     0.9997    0.9993    0.9995     56864
       Fraud     0.6752    0.8061    0.7349        98

    accuracy                         0.9990     56962
   macro avg     0.8374    0.9027    0.8672     56962
weighted avg     0.9991    0.9990    0.9990     56962

2025-06-06 12:55:21 [INFO] Comparing alternative samplers (SMOTE, SMOTEN, ADASYN) on validation set ...
2025-06-06 12:55:23 [INFO] SMOTE on validation PR-AUC: 0.7770
2025-06-06 12:58:11 [INFO] SMOTEN on validation PR-AUC: 0.7440
2025-06-06 12:58:13 [INFO] ADASYN on validation PR-AUC: 0.7817
2025-06-06 12:58:13 [INFO] Sampler comparison results: {'SMOTE': 0.7769848379301854, 'SMOTEN': 0.7440025153783961, 'ADASYN': 0.7817119856304123}
2025-06-06 12:58:13 [INFO] Building and evaluating soft-voting ensemble (XGB + RF) ...
2025-06-06 17:47:44 [INFO] Loading and validating data ...
2025-06-06 17:47:45 [INFO] Loading data from C:\Users\josep\OneDrive\Documents\GitHub\Credit Card Fraud\data\creditcard.csv ...
2025-06-06 17:47:46 [INFO] Dataset shape: (284807, 31)
2025-06-06 17:51:46 [INFO] Preprocessing and splitting data into train/val/test ...
2025-06-06 17:51:47 [INFO] Shapes -> Train: (170883, 30), Val: (56962, 30), Test: (56962, 30)
2025-06-06 17:51:47 [INFO] Comparing default pipelines on training set ...
2025-06-06 17:51:47 [INFO] Cross-validating XGBoost default pipeline ...
2025-06-06 17:51:58 [INFO] Cross-validating RandomForest default pipeline ...
2025-06-06 17:54:20 [INFO] XGBoost default ROC AUC: 0.9723
2025-06-06 17:54:20 [INFO] RandomForest default ROC AUC: 0.9639
2025-06-06 17:54:20 [INFO] Default pipeline ROC-AUCs: {'xgb_default': 0.9722830302151614, 'rf_default': 0.9639273147586606}
2025-06-06 17:54:20 [INFO] Hyperparameter-tuning XGBoost (with SMOTE) on training set ...
2025-06-06 17:54:20 [INFO] Setting up StratifiedKFold for GridSearchCV ...
2025-06-06 17:54:20 [INFO] Starting XGBoost GridSearchCV ...
2025-06-06 18:03:26 [INFO] Best XGBoost ROC AUC: 0.9825
2025-06-06 18:03:26 [INFO] Best XGBoost Params: {'xgb__colsample_bytree': 0.8, 'xgb__learning_rate': 0.01, 'xgb__max_depth': 5, 'xgb__n_estimators': 100, 'xgb__scale_pos_weight': 1, 'xgb__subsample': 0.8}
2025-06-06 18:03:26 [INFO] Calibrating XGBoost probabilities on validation set ...
2025-06-06 18:03:26 [INFO] Saving model to C:\Users\josep\OneDrive\Documents\GitHub\Credit Card Fraud\models\fraud_xgb_model.joblib ...
2025-06-06 18:03:26 [INFO] Model saved successfully.
2025-06-06 18:03:26 [INFO] Tuning threshold on validation set ...
2025-06-06 18:03:26 [INFO] Tuning probability threshold based on custom cost function ...
2025-06-06 18:03:26 [INFO] Optimal threshold: 0.1333 with cost: 272.0
2025-06-06 18:03:26 [INFO] ** EVALUATING CALIBRATED XGBoost ON TEST SET **
2025-06-06 18:03:26 [INFO] ROC AUC (unthresholded): 0.9706
2025-06-06 18:03:26 [INFO] PR AUC (unthresholded): 0.7759
2025-06-06 18:03:26 [INFO] Classification Report (threshold = 0.1333):
              precision    recall  f1-score   support

  Legitimate     0.9997    0.9993    0.9995     56864
       Fraud     0.6752    0.8061    0.7349        98

    accuracy                         0.9990     56962
   macro avg     0.8374    0.9027    0.8672     56962
weighted avg     0.9991    0.9990    0.9990     56962

2025-06-06 18:03:26 [INFO] Comparing alternative samplers (SMOTE, SMOTEENN, ADASYN) on validation set ...
2025-06-06 18:03:28 [INFO] SMOTE on validation PR-AUC: 0.7770
2025-06-06 18:04:14 [INFO] Loading and validating data ...
2025-06-06 18:04:14 [INFO] Loading data from C:\Users\josep\OneDrive\Documents\GitHub\Credit Card Fraud\data\creditcard.csv ...
2025-06-06 18:04:15 [INFO] Dataset shape: (284807, 31)
2025-06-06 18:04:15 [INFO] Preprocessing and splitting data into train/val/test ...
2025-06-06 18:04:16 [INFO] Shapes -> Train: (170883, 30), Val: (56962, 30), Test: (56962, 30)
2025-06-06 18:04:16 [INFO] Comparing default pipelines on training set ...
2025-06-06 18:04:16 [INFO] Cross-validating XGBoost default pipeline ...
2025-06-06 18:04:26 [INFO] Cross-validating RandomForest default pipeline ...
2025-06-06 18:06:48 [INFO] XGBoost default ROC AUC: 0.9723
2025-06-06 18:06:48 [INFO] RandomForest default ROC AUC: 0.9639
2025-06-06 18:06:48 [INFO] Default pipeline ROC-AUCs: {'xgb_default': 0.9722830302151614, 'rf_default': 0.9639273147586606}
2025-06-06 18:06:48 [INFO] Hyperparameter-tuning XGBoost (with SMOTE) on training set ...
2025-06-06 18:06:48 [INFO] Setting up StratifiedKFold for GridSearchCV ...
2025-06-06 18:06:48 [INFO] Starting XGBoost GridSearchCV ...
2025-06-06 18:15:49 [INFO] Best XGBoost ROC AUC: 0.9825
2025-06-06 18:15:49 [INFO] Best XGBoost Params: {'xgb__colsample_bytree': 0.8, 'xgb__learning_rate': 0.01, 'xgb__max_depth': 5, 'xgb__n_estimators': 100, 'xgb__scale_pos_weight': 1, 'xgb__subsample': 0.8}
2025-06-06 18:15:49 [INFO] Calibrating XGBoost probabilities on validation set ...
2025-06-06 18:15:49 [INFO] Saving model to C:\Users\josep\OneDrive\Documents\GitHub\Credit Card Fraud\models\fraud_xgb_model.joblib ...
2025-06-06 18:15:49 [INFO] Model saved successfully.
2025-06-06 18:15:49 [INFO] Tuning threshold on validation set ...
2025-06-06 18:15:49 [INFO] Tuning probability threshold based on custom cost function ...
2025-06-06 18:15:49 [INFO] Optimal threshold: 0.1333 with cost: 272.0
2025-06-06 18:15:49 [INFO] ** EVALUATING CALIBRATED XGBoost ON TEST SET **
2025-06-06 18:15:49 [INFO] ROC AUC (unthresholded): 0.9706
2025-06-06 18:15:49 [INFO] PR AUC (unthresholded): 0.7759
2025-06-06 18:15:49 [INFO] Classification Report (threshold = 0.1333):
              precision    recall  f1-score   support

  Legitimate     0.9997    0.9993    0.9995     56864
       Fraud     0.6752    0.8061    0.7349        98

    accuracy                         0.9990     56962
   macro avg     0.8374    0.9027    0.8672     56962
weighted avg     0.9991    0.9990    0.9990     56962

2025-06-06 18:15:49 [INFO] Comparing alternative samplers (SMOTE, SMOTEN, ADASYN) on validation set ...
2025-06-06 18:15:51 [INFO] SMOTE on validation PR-AUC: 0.7770
2025-06-06 18:18:40 [INFO] SMOTEN on validation PR-AUC: 0.7440
2025-06-06 18:18:41 [INFO] ADASYN on validation PR-AUC: 0.7817
2025-06-06 18:18:41 [INFO] Sampler comparison results: {'SMOTE': 0.7769848379301854, 'SMOTEN': 0.7440025153783961, 'ADASYN': 0.7817119856304123}
2025-06-06 18:18:41 [INFO] Building and evaluating soft-voting ensemble (XGB + RF) ...
2025-06-06 18:19:19 [INFO] ** EVALUATING ENSEMBLE ON TEST SET (average of calibrated XGB + RF) **
2025-06-06 18:19:19 [INFO] Ensemble ROC-AUC (unthresholded): 0.9827
2025-06-06 18:19:19 [INFO] Ensemble PR-AUC (unthresholded): 0.8535
2025-06-06 18:19:19 [INFO] Ensemble classification report (threshold = 0.1333):
              precision    recall  f1-score   support

  Legitimate     0.9997    0.9996    0.9997     56864
       Fraud     0.7757    0.8469    0.8098        98

    accuracy                         0.9993     56962
   macro avg     0.8877    0.9233    0.9047     56962
weighted avg     0.9994    0.9993    0.9993     56962

2025-06-08 17:18:41 [INFO] Loading and validating data ...
2025-06-08 17:18:41 [INFO] Loading data from C:\Users\josep\OneDrive\Documents\GitHub\Coding-Portfolio\Anomaly Detection\Credit Card Fraud\data\creditcard.csv ...
2025-06-08 17:18:42 [INFO] Dataset shape: (284807, 31)
2025-06-08 17:18:42 [INFO] Preprocessing and splitting data into train/val/test ...
2025-06-08 17:18:43 [INFO] Shapes -> Train: (170883, 30), Val: (56962, 30), Test: (56962, 30)
2025-06-08 17:18:43 [INFO] Comparing default pipelines on training set ...
2025-06-08 17:18:43 [INFO] Cross-validating XGBoost default pipeline ...
2025-06-08 17:19:03 [INFO] Loading and validating data ...
2025-06-08 17:19:03 [INFO] Loading data from C:\Users\josep\OneDrive\Documents\GitHub\Coding-Portfolio\Anomaly Detection\Credit Card Fraud\data\creditcard.csv ...
2025-06-08 17:20:20 [INFO] Loading and validating data ...
2025-06-08 17:20:20 [INFO] Loading data from C:\Users\josep\OneDrive\Documents\GitHub\Coding-Portfolio\Anomaly Detection\Credit Card Fraud\data\creditcard.csv ...
2025-06-08 17:22:06 [INFO] Loading and validating data ...
2025-06-08 17:22:06 [INFO] Loading data from C:\Users\josep\OneDrive\Documents\GitHub\Coding-Portfolio\Anomaly Detection\Credit Card Fraud\data\creditcard.csv ...
2025-06-08 17:28:08 [INFO] Loading and validating data ...
2025-06-08 17:28:08 [INFO] Loading data from C:\Users\josep\OneDrive\Documents\GitHub\Coding-Portfolio\Anomaly Detection\Credit Card Fraud\data\creditcard.csv ...
2025-06-08 17:29:06 [INFO] Loading and validating data ...
2025-06-08 17:29:06 [INFO] Loading data from C:\Users\josep\OneDrive\Documents\GitHub\Coding-Portfolio\Anomaly Detection\Credit Card Fraud\data\creditcard.csv ...
2025-06-08 17:36:27 [INFO] Loading and validating data ...
2025-06-08 17:36:27 [INFO] Loading data from C:\Users\josep\OneDrive\Documents\GitHub\Coding-Portfolio\Anomaly Detection\Credit Card Fraud\data\creditcard.csv ...
2025-06-08 17:36:28 [INFO] Dataset shape: (284807, 31)
2025-06-08 17:36:28 [INFO] Preprocessing and splitting data into train/val/test ...
2025-06-08 17:36:29 [INFO] Shapes -> Train: (170883, 30), Val: (56962, 30), Test: (56962, 30)
2025-06-08 17:36:29 [INFO] Comparing default pipelines on training set ...
2025-06-08 17:36:29 [INFO] Cross-validating XGBoost default pipeline ...
2025-06-08 17:36:38 [INFO] Cross-validating RandomForest default pipeline ...
2025-06-08 17:36:47 [INFO] Loading and validating data ...
2025-06-08 17:36:47 [INFO] Loading data from C:\Users\josep\OneDrive\Documents\GitHub\Coding-Portfolio\Anomaly Detection\Credit Card Fraud\data\creditcard.csv ...
2025-06-08 17:38:05 [INFO] Loading and validating data ...
2025-06-08 17:38:05 [INFO] Loading data from C:\Users\josep\OneDrive\Documents\GitHub\Coding-Portfolio\Anomaly Detection\Credit Card Fraud\data\creditcard.csv ...
2025-06-08 17:38:14 [INFO] Loading and validating data ...
2025-06-08 17:38:14 [INFO] Loading data from C:\Users\josep\OneDrive\Documents\GitHub\Coding-Portfolio\Anomaly Detection\Credit Card Fraud\data\creditcard.csv ...
2025-06-08 17:38:47 [INFO] Loading and validating data ...
2025-06-08 17:38:47 [INFO] Loading data from C:\Users\josep\OneDrive\Documents\GitHub\Coding-Portfolio\Anomaly Detection\Credit Card Fraud\data\creditcard.csv ...
2025-06-08 17:39:18 [INFO] Loading and validating data ...
2025-06-08 17:39:18 [INFO] Loading data from C:\Users\josep\OneDrive\Documents\GitHub\Coding-Portfolio\Anomaly Detection\Credit Card Fraud\data\creditcard.csv ...
2025-06-08 17:39:58 [INFO] Loading and validating data ...
2025-06-08 17:39:58 [INFO] Loading data from C:\Users\josep\OneDrive\Documents\GitHub\Coding-Portfolio\Anomaly Detection\Credit Card Fraud\data\creditcard.csv ...
2025-06-08 17:41:41 [INFO] Loading and validating data ...
2025-06-08 17:41:41 [INFO] Extracting dataset from C:\Users\josep\OneDrive\Documents\GitHub\Coding-Portfolio\Anomaly Detection\Credit Card Fraud\data\creditcard.zip to C:\Users\josep\OneDrive\Documents\GitHub\Coding-Portfolio\Anomaly Detection\Credit Card Fraud\data …
2025-06-08 17:41:41 [INFO] Extraction complete.
2025-06-08 17:41:41 [INFO] Loading data from C:\Users\josep\OneDrive\Documents\GitHub\Coding-Portfolio\Anomaly Detection\Credit Card Fraud\data\creditcard.csv …
2025-06-08 17:41:43 [INFO] Dataset shape: (284807, 31)
2025-06-08 17:41:43 [INFO] Preprocessing and splitting data into train/val/test ...
2025-06-08 17:41:43 [INFO] Shapes -> Train: (170883, 30), Val: (56962, 30), Test: (56962, 30)
2025-06-08 17:41:43 [INFO] Comparing default pipelines on training set ...
2025-06-08 17:41:43 [INFO] Cross-validating XGBoost default pipeline ...
